<?xml version="1.0" encoding="UTF-8" standalone="no"?><testsuite errors="1" failures="0" name="Validate status code when the user makes GET request with different input data" skipped="0" tests="1" time="0.28" timestamp="2022-10-19 02:17:44"><testcase name="As a user Juan wants to makes a GET request successfully on the rick and morty API"><error type="java.lang.NullPointerException"/><system-err>null&#13;
com.google.common.base.Preconditions.checkNotNull(Preconditions.java:889)&#13;
co.com.sofka.certification.stepDefinitions.GetRequestStepDefinitions.heMakesAGETRequest(GetRequestStepDefinitions.java:35)&#13;
✽.The user makes a GET request(file:///C:/Users/juan.osorio/Documents/juosori/Capacitacion%20moviles/Projects/API_Project/src/test/resources/features/GetRequest.feature:5)&#13;
</system-err></testcase></testsuite>